\BOOKMARK [0][-]{chapter.1}{\376\377\000I\000n\000t\000r\000o\000d\000u\000c\000t\000i\000o\000n}{}% 1
\BOOKMARK [0][-]{chapter.2}{\376\377\000I\000n\000s\000t\000a\000l\000l\000a\000t\000i\000o\000n}{}% 2
\BOOKMARK [1][-]{section.2.1}{\376\377\000D\000e\000p\000e\000n\000d\000e\000n\000c\000i\000e\000s}{chapter.2}% 3
\BOOKMARK [1][-]{section.2.2}{\376\377\000I\000n\000s\000t\000a\000l\000l\000a\000t\000i\000o\000n\000\040\000I\000n\000s\000t\000r\000u\000c\000t\000i\000o\000n\000s}{chapter.2}% 4
\BOOKMARK [0][-]{chapter.3}{\376\377\000U\000s\000a\000g\000e}{}% 5
\BOOKMARK [1][-]{section.3.1}{\376\377\000C\000o\000m\000m\000a\000n\000d\000\040\000L\000i\000n\000e}{chapter.3}% 6
\BOOKMARK [1][-]{section.3.2}{\376\377\000P\000y\000t\000h\000o\000n\000\040\000M\000o\000d\000u\000l\000e}{chapter.3}% 7
\BOOKMARK [0][-]{chapter.4}{\376\377\000C\000o\000n\000f\000i\000g\000u\000r\000a\000t\000i\000o\000n\000\040\000m\000o\000d\000u\000l\000e\000s}{}% 8
\BOOKMARK [1][-]{section.4.1}{\376\377\000G\000e\000n\000e\000r\000a\000l\000\040\000S\000e\000t\000t\000i\000n\000g\000s\000:\000\040\000u\000s\000e\000r\000\137\000s\000e\000t\000t\000i\000n\000g\000s\000.\000p\000y}{chapter.4}% 9
\BOOKMARK [1][-]{section.4.2}{\376\377\000W\000a\000s\000t\000e\000\040\000S\000e\000a\000r\000c\000h\000\040\000S\000e\000t\000t\000i\000n\000g\000s\000:\000\040\000q\000u\000e\000r\000i\000e\000s\000\137\000w\000a\000s\000t\000e\000.\000p\000y}{chapter.4}% 10
\BOOKMARK [2][-]{subsection.4.2.1}{\376\377\000C\000a\000t\000e\000g\000o\000r\000i\000e\000s}{section.4.2}% 11
\BOOKMARK [2][-]{subsection.4.2.2}{\376\377\000Q\000u\000e\000r\000y\000\040\000T\000y\000p\000e\000s}{section.4.2}% 12
\BOOKMARK [2][-]{subsection.4.2.3}{\376\377\000A\000d\000j\000u\000s\000t\000i\000n\000g\000\040\000S\000e\000a\000r\000c\000h\000\040\000T\000e\000r\000m\000s}{section.4.2}% 13
\BOOKMARK [2][-]{subsection.4.2.4}{\376\377\000C\000a\000t\000e\000g\000o\000r\000y\000-\000S\000p\000e\000c\000i\000f\000i\000c\000\040\000C\000h\000a\000n\000g\000e\000s}{section.4.2}% 14
\BOOKMARK [2][-]{subsection.4.2.5}{\376\377\000O\000p\000t\000i\000m\000i\000s\000i\000n\000g\000\040\000S\000e\000a\000r\000c\000h\000\040\000E\000f\000f\000i\000c\000i\000e\000n\000c\000y}{section.4.2}% 15
\BOOKMARK [2][-]{subsection.4.2.6}{\376\377\000V\000a\000l\000i\000d\000a\000t\000i\000n\000g\000\040\000S\000e\000a\000r\000c\000h\000\040\000T\000e\000r\000m\000s}{section.4.2}% 16
\BOOKMARK [1][-]{section.4.3}{\376\377\000M\000a\000t\000e\000r\000i\000a\000l\000\040\000S\000e\000a\000r\000c\000h\000\040\000S\000e\000t\000t\000i\000n\000g\000s\000:\000\040\000q\000u\000e\000r\000i\000e\000s\000\137\000m\000a\000t\000e\000r\000i\000a\000l\000s\000.\000p\000y}{chapter.4}% 17
\BOOKMARK [2][-]{subsection.4.3.1}{\376\377\000S\000t\000r\000u\000c\000t\000u\000r\000e\000\040\000a\000n\000d\000\040\000C\000u\000s\000t\000o\000m\000i\000s\000a\000t\000i\000o\000n}{section.4.3}% 18
\BOOKMARK [3][-]{subsubsection*.3}{\376\377\000T\000u\000p\000l\000e\000\040\000S\000t\000r\000u\000c\000t\000u\000r\000e}{subsection.4.3.1}% 19
\BOOKMARK [3][-]{subsubsection*.4}{\376\377\000C\000u\000s\000t\000o\000m\000i\000s\000a\000t\000i\000o\000n\000\040\000O\000p\000t\000i\000o\000n\000s}{subsection.4.3.1}% 20
\BOOKMARK [2][-]{subsection.4.3.2}{\376\377\000U\000s\000a\000g\000e\000\040\000C\000o\000n\000s\000i\000d\000e\000r\000a\000t\000i\000o\000n\000s}{section.4.3}% 21
\BOOKMARK [3][-]{subsubsection*.5}{\376\377\000E\000x\000a\000m\000p\000l\000e\000\040\000T\000u\000p\000l\000e\000s}{subsection.4.3.2}% 22
\BOOKMARK [0][-]{chapter.5}{\376\377\000W\000a\000s\000t\000e\000A\000n\000d\000M\000a\000t\000e\000r\000i\000a\000l\000F\000o\000o\000t\000p\000r\000i\000n\000t\000\040\000M\000o\000d\000u\000l\000e\000s}{}% 23
\BOOKMARK [1][-]{section.5.1}{\376\377\000F\000u\000t\000u\000r\000e\000S\000c\000e\000n\000a\000r\000i\000o\000s}{chapter.5}% 24
\BOOKMARK [2][-]{subsection.5.1.1}{\376\377\000C\000o\000n\000f\000i\000g\000u\000r\000a\000t\000i\000o\000n}{section.5.1}% 25
\BOOKMARK [3][-]{subsubsection*.6}{\376\377\000C\000o\000n\000f\000i\000g\000u\000r\000i\000n\000g\000\040\000P\000r\000o\000j\000e\000c\000t\000s\000\040\000a\000n\000d\000\040\000P\000r\000e\000m\000i\000s\000e\000\040\000S\000e\000t\000t\000i\000n\000g\000s}{subsection.5.1.1}% 26
\BOOKMARK [3][-]{subsubsection*.7}{\376\377\000S\000e\000l\000e\000c\000t\000i\000n\000g\000\040\000S\000c\000e\000n\000a\000r\000i\000o\000s}{subsection.5.1.1}% 27
\BOOKMARK [2][-]{subsection.5.1.2}{\376\377\000I\000m\000p\000l\000e\000m\000e\000n\000t\000a\000t\000i\000o\000n}{section.5.1}% 28
\BOOKMARK [3][-]{subsubsection*.8}{\376\377\000M\000o\000d\000u\000l\000e\000\040\000O\000v\000e\000r\000v\000i\000e\000w}{subsection.5.1.2}% 29
\BOOKMARK [3][-]{subsubsection*.9}{\376\377\000K\000e\000y\000\040\000F\000u\000n\000c\000t\000i\000o\000n\000s}{subsection.5.1.2}% 30
\BOOKMARK [3][-]{subsubsection*.10}{\376\377\000P\000r\000o\000c\000e\000s\000s\000\040\000F\000l\000o\000w}{subsection.5.1.2}% 31
\BOOKMARK [1][-]{section.5.2}{\376\377\000E\000x\000p\000l\000o\000d\000e\000D\000a\000t\000a\000b\000a\000s\000e}{chapter.5}% 32
\BOOKMARK [2][-]{subsection.5.2.1}{\376\377\000P\000r\000i\000m\000a\000r\000y\000\040\000F\000u\000n\000c\000t\000i\000o\000n}{section.5.2}% 33
\BOOKMARK [2][-]{subsection.5.2.2}{\376\377\000P\000r\000o\000c\000e\000s\000s\000\040\000O\000v\000e\000r\000v\000i\000e\000w}{section.5.2}% 34
\BOOKMARK [2][-]{subsection.5.2.3}{\376\377\000U\000s\000a\000g\000e}{section.5.2}% 35
\BOOKMARK [1][-]{section.5.3}{\376\377\000S\000e\000a\000r\000c\000h\000W\000a\000s\000t\000e}{chapter.5}% 36
\BOOKMARK [2][-]{subsection.5.3.1}{\376\377\000F\000u\000n\000c\000t\000i\000o\000n\000a\000l\000i\000t\000y}{section.5.3}% 37
\BOOKMARK [2][-]{subsection.5.3.2}{\376\377\000U\000s\000a\000g\000e}{section.5.3}% 38
\BOOKMARK [1][-]{section.5.4}{\376\377\000S\000e\000a\000r\000c\000h\000M\000a\000t\000e\000r\000i\000a\000l}{chapter.5}% 39
\BOOKMARK [2][-]{subsection.5.4.1}{\376\377\000F\000u\000n\000c\000t\000i\000o\000n\000a\000l\000i\000t\000y}{section.5.4}% 40
\BOOKMARK [2][-]{subsection.5.4.2}{\376\377\000S\000e\000a\000r\000c\000h\000\040\000q\000u\000e\000r\000i\000e\000s}{section.5.4}% 41
\BOOKMARK [1][-]{section.5.5}{\376\377\000M\000a\000k\000e\000C\000u\000s\000t\000o\000m\000D\000a\000t\000a\000b\000a\000s\000e}{chapter.5}% 42
\BOOKMARK [2][-]{subsection.5.5.1}{\376\377\000M\000a\000i\000n\000\040\000F\000u\000n\000c\000t\000i\000o\000n\000s}{section.5.5}% 43
\BOOKMARK [2][-]{subsection.5.5.2}{\376\377\000I\000m\000p\000o\000r\000t\000a\000n\000t\000\040\000C\000o\000d\000e\000\040\000S\000n\000i\000p\000p\000e\000t\000s}{section.5.5}% 44
\BOOKMARK [1][-]{section.5.6}{\376\377\000M\000e\000t\000h\000o\000d\000E\000d\000i\000t\000o\000r}{chapter.5}% 45
\BOOKMARK [2][-]{subsection.5.6.1}{\376\377\000F\000u\000n\000c\000t\000i\000o\000n\000\040\000S\000u\000m\000m\000a\000r\000y}{section.5.6}% 46
\BOOKMARK [2][-]{subsection.5.6.2}{\376\377\000I\000m\000p\000o\000r\000t\000a\000n\000t\000\040\000C\000o\000d\000e\000\040\000S\000n\000i\000p\000p\000e\000t\000s}{section.5.6}% 47
\BOOKMARK [1][-]{section.5.7}{\376\377\000E\000x\000c\000h\000a\000n\000g\000e\000E\000d\000i\000t\000o\000r}{chapter.5}% 48
\BOOKMARK [2][-]{subsection.5.7.1}{\376\377\000F\000u\000n\000c\000t\000i\000o\000n\000\040\000S\000u\000m\000m\000a\000r\000y}{section.5.7}% 49
\BOOKMARK [2][-]{subsection.5.7.2}{\376\377\000I\000m\000p\000o\000r\000t\000a\000n\000t\000\040\000C\000o\000d\000e\000\040\000S\000n\000i\000p\000p\000e\000t\000s}{section.5.7}% 50
\BOOKMARK [1][-]{section.5.8}{\376\377\000V\000e\000r\000i\000f\000y\000D\000a\000t\000a\000b\000a\000s\000e}{chapter.5}% 51
\BOOKMARK [2][-]{subsection.5.8.1}{\376\377\000F\000u\000n\000c\000t\000i\000o\000n\000\040\000S\000u\000m\000m\000a\000r\000y}{section.5.8}% 52
\BOOKMARK [2][-]{subsection.5.8.2}{\376\377\000U\000s\000a\000g\000e}{section.5.8}% 53
\BOOKMARK [1][-]{section.5.9}{\376\377\000F\000u\000t\000u\000r\000e\000S\000c\000e\000n\000a\000r\000i\000o\000s}{chapter.5}% 54
\BOOKMARK [1][-]{section.5.10}{\376\377\000E\000x\000p\000l\000o\000d\000e\000D\000a\000t\000a\000b\000a\000s\000e}{chapter.5}% 55
\BOOKMARK [1][-]{section.5.11}{\376\377\000S\000e\000a\000r\000c\000h\000W\000a\000s\000t\000e}{chapter.5}% 56
\BOOKMARK [1][-]{section.5.12}{\376\377\000S\000e\000a\000r\000c\000h\000M\000a\000t\000e\000r\000i\000a\000l}{chapter.5}% 57
\BOOKMARK [1][-]{section.5.13}{\376\377\000M\000a\000k\000e\000C\000u\000s\000t\000o\000m\000D\000a\000t\000a\000b\000a\000s\000e}{chapter.5}% 58
\BOOKMARK [1][-]{section.5.14}{\376\377\000M\000e\000t\000h\000o\000d\000E\000d\000i\000t\000o\000r}{chapter.5}% 59
\BOOKMARK [1][-]{section.5.15}{\376\377\000E\000x\000c\000h\000a\000n\000g\000e\000E\000d\000i\000t\000o\000r}{chapter.5}% 60
\BOOKMARK [1][-]{section.5.16}{\376\377\000V\000e\000r\000i\000f\000y\000D\000a\000t\000a\000b\000a\000s\000e}{chapter.5}% 61
\BOOKMARK [0][-]{chapter.6}{\376\377\000E\000x\000a\000m\000p\000l\000e\000s}{}% 62
\BOOKMARK [0][-]{chapter.7}{\376\377\000A\000P\000I\000\040\000R\000e\000f\000e\000r\000e\000n\000c\000e}{}% 63
\BOOKMARK [1][-]{section.7.1}{\376\377\000W\000M\000F\000o\000o\000t\000p\000r\000i\000n\000t\000\040\000p\000a\000c\000k\000a\000g\000e}{chapter.7}% 64
\BOOKMARK [2][-]{subsection.7.1.1}{\376\377\000W\000a\000s\000t\000e\000A\000n\000d\000M\000a\000t\000e\000r\000i\000a\000l\000F\000o\000o\000t\000p\000r\000i\000n\000t\000.\000m\000a\000i\000n\000\040\000m\000o\000d\000u\000l\000e}{section.7.1}% 65
\BOOKMARK [3][-]{subsubsection*.11}{\376\377\000m\000a\000i\000n\000\040\000M\000o\000d\000u\000l\000e}{subsection.7.1.1}% 66
\BOOKMARK [4][-]{paragraph*.12}{\376\377\000C\000u\000s\000t\000o\000m\000i\000s\000a\000t\000i\000o\000n\000:}{subsubsection*.11}% 67
\BOOKMARK [4][-]{paragraph*.13}{\376\377\000U\000s\000a\000g\000e\000:}{subsubsection*.11}% 68
\BOOKMARK [2][-]{subsection.7.1.2}{\376\377\000S\000u\000b\000m\000o\000d\000u\000l\000e\000s}{section.7.1}% 69
\BOOKMARK [2][-]{subsection.7.1.3}{\376\377\000W\000a\000s\000t\000e\000A\000n\000d\000M\000a\000t\000e\000r\000i\000a\000l\000F\000o\000o\000t\000p\000r\000i\000n\000t\000.\000E\000x\000c\000h\000a\000n\000g\000e\000E\000d\000i\000t\000o\000r\000\040\000m\000o\000d\000u\000l\000e}{section.7.1}% 70
\BOOKMARK [3][-]{subsubsection*.17}{\376\377\000E\000x\000c\000h\000a\000n\000g\000e\000E\000d\000i\000t\000o\000r\000\040\000M\000o\000d\000u\000l\000e}{subsection.7.1.3}% 71
\BOOKMARK [2][-]{subsection.7.1.4}{\376\377\000W\000a\000s\000t\000e\000A\000n\000d\000M\000a\000t\000e\000r\000i\000a\000l\000F\000o\000o\000t\000p\000r\000i\000n\000t\000.\000E\000x\000p\000l\000o\000d\000e\000D\000a\000t\000a\000b\000a\000s\000e\000\040\000m\000o\000d\000u\000l\000e}{section.7.1}% 72
\BOOKMARK [3][-]{subsubsection*.19}{\376\377\000E\000x\000p\000l\000o\000d\000e\000D\000a\000t\000a\000b\000a\000s\000e\000\040\000M\000o\000d\000u\000l\000e}{subsection.7.1.4}% 73
\BOOKMARK [2][-]{subsection.7.1.5}{\376\377\000W\000a\000s\000t\000e\000A\000n\000d\000M\000a\000t\000e\000r\000i\000a\000l\000F\000o\000o\000t\000p\000r\000i\000n\000t\000.\000F\000u\000t\000u\000r\000e\000S\000c\000e\000n\000a\000r\000i\000o\000s\000\040\000m\000o\000d\000u\000l\000e}{section.7.1}% 74
\BOOKMARK [3][-]{subsubsection*.21}{\376\377\000F\000u\000t\000u\000r\000e\000S\000c\000e\000n\000a\000r\000i\000o\000s\000\040\000M\000o\000d\000u\000l\000e}{subsection.7.1.5}% 75
\BOOKMARK [2][-]{subsection.7.1.6}{\376\377\000W\000a\000s\000t\000e\000A\000n\000d\000M\000a\000t\000e\000r\000i\000a\000l\000F\000o\000o\000t\000p\000r\000i\000n\000t\000.\000M\000a\000k\000e\000C\000u\000s\000t\000o\000m\000D\000a\000t\000a\000b\000a\000s\000e\000\040\000m\000o\000d\000u\000l\000e}{section.7.1}% 76
\BOOKMARK [3][-]{subsubsection*.26}{\376\377\000M\000a\000k\000e\000C\000u\000s\000t\000o\000m\000D\000a\000t\000a\000b\000a\000s\000e\000\040\000M\000o\000d\000u\000l\000e}{subsection.7.1.6}% 77
\BOOKMARK [2][-]{subsection.7.1.7}{\376\377\000W\000a\000s\000t\000e\000A\000n\000d\000M\000a\000t\000e\000r\000i\000a\000l\000F\000o\000o\000t\000p\000r\000i\000n\000t\000.\000M\000e\000t\000h\000o\000d\000E\000d\000i\000t\000o\000r\000\040\000m\000o\000d\000u\000l\000e}{section.7.1}% 78
\BOOKMARK [3][-]{subsubsection*.31}{\376\377\000M\000e\000t\000h\000o\000d\000E\000d\000i\000t\000o\000r\000\040\000M\000o\000d\000u\000l\000e}{subsection.7.1.7}% 79
\BOOKMARK [4][-]{paragraph*.32}{\376\377\000F\000u\000n\000c\000t\000i\000o\000n\000\040\000S\000u\000m\000m\000a\000r\000y\000:}{subsubsection*.31}% 80
\BOOKMARK [2][-]{subsection.7.1.8}{\376\377\000W\000a\000s\000t\000e\000A\000n\000d\000M\000a\000t\000e\000r\000i\000a\000l\000F\000o\000o\000t\000p\000r\000i\000n\000t\000.\000S\000e\000a\000r\000c\000h\000M\000a\000t\000e\000r\000i\000a\000l\000\040\000m\000o\000d\000u\000l\000e}{section.7.1}% 81
\BOOKMARK [3][-]{subsubsection*.36}{\376\377\000S\000e\000a\000r\000c\000h\000M\000a\000t\000e\000r\000i\000a\000l\000\040\000M\000o\000d\000u\000l\000e}{subsection.7.1.8}% 82
\BOOKMARK [2][-]{subsection.7.1.9}{\376\377\000W\000a\000s\000t\000e\000A\000n\000d\000M\000a\000t\000e\000r\000i\000a\000l\000F\000o\000o\000t\000p\000r\000i\000n\000t\000.\000S\000e\000a\000r\000c\000h\000W\000a\000s\000t\000e\000\040\000m\000o\000d\000u\000l\000e}{section.7.1}% 83
\BOOKMARK [3][-]{subsubsection*.38}{\376\377\000S\000e\000a\000r\000c\000h\000W\000a\000s\000t\000e\000\040\000M\000o\000d\000u\000l\000e}{subsection.7.1.9}% 84
\BOOKMARK [4][-]{paragraph*.39}{\376\377\000F\000u\000n\000c\000t\000i\000o\000n\000a\000l\000i\000t\000y}{subsubsection*.38}% 85
\BOOKMARK [2][-]{subsection.7.1.10}{\376\377\000W\000a\000s\000t\000e\000A\000n\000d\000M\000a\000t\000e\000r\000i\000a\000l\000F\000o\000o\000t\000p\000r\000i\000n\000t\000.\000V\000e\000r\000i\000f\000y\000D\000a\000t\000a\000b\000a\000s\000e\000\040\000m\000o\000d\000u\000l\000e}{section.7.1}% 86
\BOOKMARK [3][-]{subsubsection*.41}{\376\377\000V\000e\000r\000i\000f\000y\000D\000a\000t\000a\000b\000a\000s\000e\000\040\000M\000o\000d\000u\000l\000e}{subsection.7.1.10}% 87
\BOOKMARK [0][-]{chapter.8}{\376\377\000C\000o\000n\000f\000i\000g\000u\000r\000a\000t\000i\000o\000n}{}% 88
\BOOKMARK [1][-]{section.8.1}{\376\377\000C\000o\000n\000f\000i\000g\000u\000r\000a\000t\000i\000o\000n}{chapter.8}% 89
\BOOKMARK [2][-]{subsection.8.1.1}{\376\377\000c\000o\000n\000f\000i\000g\000.\000u\000s\000e\000r\000\137\000s\000e\000t\000t\000i\000n\000g\000s\000\040\000m\000o\000d\000u\000l\000e}{section.8.1}% 90
\BOOKMARK [3][-]{subsubsection*.43}{\376\377\000u\000s\000e\000r\000\137\000s\000e\000t\000t\000i\000n\000g\000s\000\040\000M\000o\000d\000u\000l\000e}{subsection.8.1.1}% 91
\BOOKMARK [2][-]{subsection.8.1.2}{\376\377\000c\000o\000n\000f\000i\000g\000.\000q\000u\000e\000r\000i\000e\000s\000\137\000w\000a\000s\000t\000e\000\040\000m\000o\000d\000u\000l\000e}{section.8.1}% 92
\BOOKMARK [3][-]{subsubsection*.45}{\376\377\000q\000u\000e\000r\000i\000e\000s\000\137\000w\000a\000s\000t\000e\000\040\000M\000o\000d\000u\000l\000e}{subsection.8.1.2}% 93
\BOOKMARK [2][-]{subsection.8.1.3}{\376\377\000c\000o\000n\000f\000i\000g\000.\000q\000u\000e\000r\000i\000e\000s\000\137\000m\000a\000t\000e\000r\000i\000a\000l\000s\000\040\000m\000o\000d\000u\000l\000e}{section.8.1}% 94
\BOOKMARK [3][-]{subsubsection*.46}{\376\377\000q\000u\000e\000r\000i\000e\000s\000\137\000m\000a\000t\000e\000r\000i\000a\000l\000s\000\040\000M\000o\000d\000u\000l\000e}{subsection.8.1.3}% 95
\BOOKMARK [4][-]{paragraph*.47}{\376\377\000N\000o\000t\000e\000:}{subsubsection*.46}% 96
\BOOKMARK [4][-]{paragraph*.48}{\376\377\000q\000u\000e\000r\000i\000e\000s\000\137\000m\000a\000t\000e\000r\000i\000a\000l\000s}{subsubsection*.46}% 97
\BOOKMARK [0][-]{chapter.9}{\376\377\000I\000n\000d\000i\000c\000e\000s\000\040\000a\000n\000d\000\040\000t\000a\000b\000l\000e\000s}{}% 98
\BOOKMARK [0][-]{section*.49}{\376\377\000P\000y\000t\000h\000o\000n\000\040\000M\000o\000d\000u\000l\000e\000\040\000I\000n\000d\000e\000x}{}% 99
\BOOKMARK [0][-]{section*.50}{\376\377\000I\000n\000d\000e\000x}{}% 100
